2.08235 1
1.82818 1
1.68188 1
1.60623 0
1.60623 0
1.52788 1
1.42988 1
1.4258 1
1.41286 1
1.39898 1
1.37511 0
1.37046 1
1.35036 0
1.34668 1
1.33571 0
1.32568 0
1.29867 0
1.26245 1
1.2556 1
1.23114 1
1.22649 1
1.22649 1
1.22194 0
1.20255 1
1.19722 0
1.19177 0
1.1765 0
1.16202 0
1.15783 1
1.15763 1
1.15544 1
1.13324 0
1.12982 0
1.12928 0
1.11556 0
1.11049 0
1.10619 1
1.10312 0
1.09666 0
1.09164 1
1.07959 0
1.06176 0
1.06039 0
1.06022 0
1.02995 1
1.02297 0
1.00827 1
0.988944 1
0.98849 0
0.984639 0
0.981356 0
0.971805 1
0.95928 1
0.955701 1
0.951673 0
0.948123 1
0.919654 1
0.91792 0
0.913507 1
0.876737 0
0.868108 1
0.867087 1
0.863364 0
0.861437 0
0.849972 0
0.84906 0
0.832203 0
0.823773 0
0.808509 0
0.802759 0
0.793325 0
0.769487 1
0.730289 0
0.72123 0
0.716134 0
0.708604 0
0.707596 1
0.701615 0
0.692238 1
0.691169 0
0.691135 0
0.658236 1
0.632169 0
0.632169 0
0.616833 1
0.611803 1
0.599965 0
0.595149 1
0.594666 0
0.591441 0
0.590708 0
0.589787 1
0.589278 0
0.581638 0
0.57985 1
0.569678 1
0.566157 0
0.557958 0
0.544812 0
0.533325 1
0.519103 0
0.50708 1
0.50484 0
0.500133 0
0.498607 1
0.478396 0
0.474446 1
0.469548 0
0.469428 0
0.44698 0
0.446019 0
0.431624 1
0.429743 0
0.42824 1
0.423738 0
0.416596 0
0.411108 0
0.395436 0
0.387575 0
0.386389 1
0.385444 0
0.36909 0
0.354538 1
0.328624 0
0.314945 0
0.29977 0
0.279465 0
0.271722 0
0.266717 0
0.259703 0
0.255442 0
0.236038 0
0.214214 0
0.205152 0
0.168789 0
0.151216 0
0.117674 1
0.10642 0
0.0873258 0
0.076529 1
0.0544179 0
0.0242407 0
-0.0557437 0
-0.0648046 0
-0.0799347 0
-0.0839288 0
-0.0848644 0
-0.103342 0
-0.103342 0
-0.103342 0
-0.103342 0
-0.103342 0
-0.103342 0
-0.132976 0
-0.154735 0
-0.154735 0
-0.154735 0
-0.154735 0
-0.154735 0
-0.154735 1
-0.16422 0
-0.164876 0
-0.170744 1
-0.170952 0
-0.170952 0
-0.191667 0
-0.194465 0
-0.198104 0
-0.198104 0
-0.198528 0
-0.199472 0
-0.199472 0
-0.22105 0
-0.222345 0
-0.222345 1
-0.227981 0
-0.231256 0
-0.232499 0
-0.237077 0
-0.241382 0
-0.246642 0
-0.248248 0
-0.248248 0
-0.249497 0
-0.249497 0
-0.250865 0
-0.250865 0
-0.251125 0
-0.251125 0
-0.26082 0
-0.271676 0
-0.291394 0
-0.295515 0
-0.295515 0
-0.303116 0
-0.303116 0
-0.303116 0
-0.303116 0
-0.303116 0
-0.303116 0
-0.312213 0
-0.317064 0
-0.329893 0
-0.329893 0
-0.329893 0
-0.329893 0
-0.329893 0
-0.329893 1
-0.348939 0
-0.354516 0
-0.354516 0
-0.354516 0
-0.354516 0
-0.354516 0
-0.354516 1
-0.361034 1
-0.364239 0
-0.370726 0
-0.370726 0
-0.378115 0
-0.384354 0
-0.386374 0
-0.389289 0
-0.394406 0
-0.394807 0
-0.395751 0
-0.397503 0
-0.397503 0
-0.397878 0
-0.397878 0
-0.398738 0
-0.399246 0
-0.399246 0
-0.399615 0
-0.399615 0
-0.400456 0
-0.422126 0
-0.422126 0
-0.424655 0
-0.424655 0
-0.424883 0
-0.424969 0
-0.426023 0
-0.426023 0
-0.43137 0
-0.438003 0
-0.438003 0
-0.442852 0
-0.443118 0
-0.445116 0
-0.445116 0
-0.449278 0
-0.449278 0
-0.450646 0
-0.450646 0
-0.453187 0
-0.456421 0
-0.45747 0
-0.459337 1
-0.460159 0
-0.460594 0
-0.460631 0
-0.463709 0
-0.465252 0
-0.466438 0
-0.468645 0
-0.470383 0
-0.472577 0
-0.475017 0
-0.479451 0
-0.48128 0
-0.483503 0
-0.483503 0
-0.484241 0
-0.484241 0
-0.486965 0
-0.486965 0
-0.486965 0
-0.486965 0
-0.486965 0
-0.486965 1
-0.487371 0
-0.488218 0
-0.491778 0
-0.494266 0
-0.494812 0
-0.49521 0
-0.49521 0
-0.496499 0
-0.498017 0
-0.49864 0
-0.501809 0
-0.501904 0
-0.502448 0
-0.502953 0
-0.503516 0
-0.506799 0
-0.508064 0
-0.51069 0
-0.511994 0
-0.514678 0
-0.516645 0
-0.517518 0
-0.521231 0
-0.52747 0
-0.531152 0
-0.532406 0
-0.538692 1
-0.541398 0
-0.544141 0
-0.544141 0
-0.547219 0
-0.549434 0
-0.5523 0
-0.554575 0
-0.554575 0
-0.558145 0
-0.559457 0
-0.559734 0
-0.560014 0
-0.562132 0
-0.564973 0
-0.565968 0
-0.565968 0
-0.565968 0
-0.565968 0
-0.565968 0
-0.569191 0
-0.569191 0
-0.572341 0
-0.573 0
-0.577902 0
-0.581727 0
-0.581727 1
-0.583095 0
-0.583095 0
-0.585001 0
-0.587195 0
-0.58946 0
-0.591106 0
-0.594459 0
-0.594934 0
-0.594934 0
-0.595094 0
-0.596167 0
-0.596652 0
-0.597935 0
-0.598121 0
-0.598121 0
-0.599317 0
-0.599317 0
-0.602453 0
-0.603788 0
-0.607776 0
-0.607912 0
-0.611407 0
-0.616353 0
-0.616353 0
-0.619795 0
-0.620355 0
-0.621435 1
-0.623628 0
-0.624221 0
-0.625639 0
-0.626464 0
-0.629626 0
-0.633742 0
-0.634554 0
-0.634554 0
-0.63496 0
-0.637974 1
-0.641188 0
-0.643141 0
-0.643829 0
-0.644443 0
-0.647621 0
-0.650759 0
-0.652561 0
-0.652561 0
-0.652561 0
-0.652561 0
-0.652561 0
-0.652561 0
-0.653174 0
-0.654991 0
-0.655008 0
-0.656835 0
-0.658205 0
-0.658759 0
-0.662749 0
-0.665026 0
-0.665439 0
-0.665775 0
-0.665775 0
-0.665775 0
-0.665775 0
-0.665775 0
-0.665775 0
-0.666918 0
-0.667693 0
-0.668216 0
-0.668216 0
-0.669296 0
-0.671681 0
-0.676375 0
-0.68004 0
-0.682823 0
-0.68565 0
-0.68729 0
-0.691803 0
-0.694378 0
-0.695192 0
-0.698821 0
-0.701196 0
-0.701758 0
-0.702206 0
-0.703351 0
-0.705828 0
-0.707838 0
-0.708249 0
-0.709983 0
-0.71194 0
-0.713815 0
-0.713815 0
-0.713902 0
-0.713902 0
-0.713902 0
-0.713902 0
-0.713902 0
-0.71472 0
-0.716426 0
-0.71901 0
-0.71901 0
-0.719169 0
-0.720171 0
-0.720171 0
-0.721925 0
-0.725148 0
-0.725148 0
-0.725148 0
-0.725148 0
-0.725148 0
-0.725148 0
-0.725427 0
-0.725427 0
-0.725427 0
-0.725427 0
-0.725427 0
-0.727921 0
-0.727988 0
-0.729344 0
-0.733385 0
-0.733385 0
-0.734106 0
-0.734615 0
-0.737429 0
-0.738731 0
-0.741696 0
-0.741952 0
-0.741952 0
-0.745986 0
-0.746786 0
-0.747323 0
-0.747323 0
-0.747934 0
-0.748691 0
-0.748691 0
-0.752542 0
-0.759036 0
-0.759238 0
-0.759436 0
-0.759436 0
-0.759788 0
-0.760537 0
-0.760537 0
-0.760897 0
-0.761905 0
-0.761905 0
-0.762614 0
-0.767577 0
-0.767725 0
-0.768152 0
-0.768893 0
-0.768893 0
-0.768946 0
-0.773398 0
-0.776627 0
-0.776627 0
-0.777071 0
-0.777071 0
-0.77832 0
-0.778689 0
-0.784141 0
-0.786012 0
-0.786565 0
-0.78666 0
-0.786718 0
-0.788887 0
-0.790757 0
-0.791458 0
-0.792758 0
-0.792758 0
-0.793588 0
-0.793588 0
-0.793588 0
-0.793588 0
-0.793588 0
-0.793588 0
-0.793588 0
-0.794033 0
-0.795869 0
-0.795869 0
-0.796082 0
-0.798578 0
-0.798578 0
-0.800486 0
-0.801234 0
-0.801234 0
-0.801234 0
-0.801234 0
-0.80128 0
-0.801787 0
-0.804071 0
-0.806307 0
-0.808738 0
-0.809857 0
-0.810039 0
-0.811188 0
-0.812291 0
-0.812726 0
-0.812856 0
-0.813537 0
-0.813537 0
-0.819657 0
-0.81991 0
-0.81991 0
-0.821278 0
-0.821278 0
-0.822674 0
-0.822868 0
-0.823253 0
-0.824129 0
-0.824267 0
-0.824267 0
-0.824529 0
-0.827982 0
-0.832325 0
-0.835588 0
-0.837619 0
-0.838733 0
-0.838733 0
-0.844772 0
-0.844772 0
-0.84846 0
-0.848628 0
-0.848628 0
-0.848628 0
-0.848628 0
-0.848628 0
-0.848875 1
-0.849038 0
-0.851361 0
-0.852481 0
-0.852627 0
-0.852627 0
-0.852627 0
-0.852627 0
-0.853188 0
-0.853385 0
-0.854773 0
-0.855389 0
-0.85556 0
-0.856065 0
-0.856182 0
-0.859301 0
-0.859792 0
-0.860742 0
-0.860742 0
-0.861038 0
-0.861038 0
-0.861038 0
-0.862732 0
-0.864498 0
-0.864796 0
-0.864796 0
-0.864796 0
-0.864796 0
-0.864796 0
-0.864796 0
-0.865041 0
-0.865153 0
-0.867265 0
-0.870389 0
-0.871876 0
-0.872131 0
-0.872131 0
-0.873389 0
-0.878437 0
-0.880857 0
-0.881142 0
-0.882626 0
-0.887214 0
-0.891518 0
-0.891687 0
-0.892211 0
-0.892506 0
-0.892506 0
-0.892506 0
-0.892506 0
-0.892506 0
-0.893166 0
-0.893287 0
-0.894363 1
-0.894372 0
-0.894999 0
-0.894999 0
-0.896407 0
-0.896407 0
-0.897014 0
-0.897014 0
-0.897014 0
-0.897014 0
-0.897051 0
-0.897515 0
-0.897805 0
-0.897805 0
-0.898353 0
-0.898587 0
-0.898634 0
-0.899012 0
-0.899165 0
-0.899359 0
-0.899901 0
-0.900184 1
-0.901681 0
-0.901683 0
-0.901826 0
-0.902018 1
-0.902216 0
-0.902364 0
-0.902364 0
-0.903296 1
-0.906446 0
-0.906446 0
-0.906646 0
-0.907697 1
-0.909174 1
-0.910233 0
-0.910322 0
-0.912757 0
-0.91466 0
-0.914784 0
-0.91545 0
-0.91958 0
-0.921155 0
-0.921669 0
-0.922649 0
-0.922649 0
-0.922853 0
-0.922853 0
-0.923107 0
-0.923654 0
-0.923928 0
-0.924657 0
-0.925531 0
-0.925956 0
-0.926519 0
-0.926582 0
-0.92689 0
-0.926995 0
-0.927772 0
-0.92956 0
-0.930307 0
-0.93063 0
-0.931061 0
-0.931369 0
-0.931749 0
-0.932405 0
-0.932405 0
-0.932732 0
-0.932752 0
-0.933132 0
-0.93332 0
-0.933713 0
-0.933713 0
-0.936519 0
-0.93715 1
-0.938725 0
-0.939548 0
-0.939844 0
-0.940157 0
-0.940157 0
-0.940424 0
-0.940818 0
-0.940818 0
-0.941083 0
-0.94143 0
-0.94143 0
-0.94143 0
-0.94143 1
-0.94143 1
-0.943637 0
-0.943639 1
-0.944276 0
-0.944276 0
-0.944672 0
-0.944903 0
-0.946459 0
-0.94898 0
-0.949337 0
-0.949555 0
-0.949624 0
-0.950552 0
-0.953054 1
-0.954982 0
-0.955074 0
-0.955821 0
-0.955972 0
-0.957811 1
-0.957811 1
-0.958482 0
-0.959487 0
-0.959487 0
-0.959558 0
-0.959558 0
-0.96075 0
-0.960925 0
-0.960925 0
-0.96252 0
-0.962773 0
-0.963845 0
-0.964527 0
-0.964527 0
-0.965546 0
-0.965967 0
-0.966932 0
-0.966932 0
-0.967484 0
-0.967484 0
-0.967484 0
-0.967484 0
-0.967484 1
-0.96809 0
-0.968638 0
-0.971026 0
-0.971367 0
-0.972324 0
-0.973839 0
-0.974842 0
-0.975298 0
-0.975416 0
-0.975539 0
-0.976572 0
-0.976999 0
-0.978118 0
-0.978833 0
-0.979137 0
-0.97929 0
-0.979846 0
-0.980777 0
-0.981283 0
-0.981283 0
-0.983188 0
-0.984095 0
-0.984585 0
-0.984884 0
-0.984918 0
-0.984918 0
-0.984918 0
-0.984918 0
-0.984918 0
-0.984918 0
-0.984918 0
-0.984918 0
-0.984918 0
-0.984918 0
-0.984959 0
-0.985274 0
-0.985786 0
-0.985786 0
-0.985786 0
-0.985786 0
-0.985786 0
-0.993001 0
-0.993337 0
-0.993337 0
-0.993337 0
-0.993337 0
-0.993337 1
-0.996028 0
-0.996074 0
-0.996444 0
-0.997934 0
-0.998956 0
-0.999116 0
-1.0006 0
-1.00101 0
-1.00101 0
-1.00101 0
-1.00101 0
-1.00135 0
-1.00233 0
-1.00336 0
-1.0044 0
-1.00494 0
-1.00626 0
-1.0072 0
-1.00746 0
-1.00908 0
-1.01038 0
-1.01123 0
-1.0115 0
-1.01447 0
-1.0163 0
-1.01657 0
-1.01778 0
-1.01873 0
-1.01944 0
-1.01992 0
-1.01992 0
-1.02227 0
-1.02305 0
-1.02306 0
-1.02306 0
-1.02404 0
-1.02404 0
-1.02404 0
-1.02404 0
-1.02404 0
-1.02486 0
-1.02526 0
-1.02534 0
-1.02589 0
-1.02768 0
-1.02778 0
-1.02778 0
-1.02778 0
-1.02778 0
-1.02857 0
-1.0291 0
-1.0291 0
-1.02945 0
-1.02964 0
-1.03007 0
-1.03007 1
-1.03026 0
-1.03068 0
-1.03152 0
-1.03337 0
-1.03337 0
-1.03337 0
-1.03337 0
-1.03337 0
-1.03352 0
-1.03399 0
-1.03525 0
-1.03525 0
-1.03551 0
-1.03551 0
-1.03551 0
-1.03585 0
-1.03693 0
-1.03693 0
-1.03693 0
-1.03693 0
-1.03693 0
-1.03693 0
-1.03835 0
-1.03835 0
-1.03835 0
-1.0387 0
-1.04035 0
-1.04035 0
-1.04041 0
-1.04117 0
-1.04145 0
-1.04192 0
-1.04274 0
-1.04295 0
-1.04352 0
-1.04384 0
-1.04453 0
-1.04598 0
-1.04645 0
-1.04774 1
-1.04792 0
-1.04877 0
-1.04877 0
-1.05002 0
-1.05241 0
-1.05241 0
-1.05241 0
-1.05241 0
-1.05273 0
-1.05394 0
-1.0568 0
-1.05728 0
-1.05797 0
-1.05797 0
-1.05937 0
-1.0595 0
-1.05959 0
-1.0599 0
-1.0599 0
-1.06179 0
-1.06327 0
-1.06327 0
-1.06346 0
-1.06346 0
-1.06396 0
-1.06402 0
-1.06402 0
-1.0646 0
-1.06479 0
-1.06638 0
-1.0684 0
-1.0705 1
-1.07209 0
-1.07209 0
-1.07226 0
-1.0727 0
-1.0727 0
-1.07342 1
-1.07358 0
-1.07419 0
-1.07468 0
-1.07497 0
-1.0753 0
-1.0794 0
-1.08079 0
-1.08206 1
-1.08297 0
-1.08522 0
-1.08522 0
-1.08577 1
-1.08706 0
-1.08754 0
-1.08796 0
-1.08958 0
-1.08958 0
-1.0905 0
-1.0905 0
-1.09053 0
-1.09054 0
-1.09054 0
-1.09054 0
-1.09054 0
-1.091 0
-1.09197 0
-1.09197 0
-1.09254 0
-1.09296 0
-1.09317 0
-1.09317 0
-1.09468 0
-1.09468 0
-1.09597 0
-1.09669 0
-1.09791 0
-1.09906 0
-1.09918 0
-1.09929 0
-1.09929 0
-1.0994 0
-1.0994 0
-1.0994 0
-1.0994 0
-1.0994 0
-1.0994 0
-1.0994 0
-1.0994 0
-1.0994 0
-1.0994 0
-1.0994 0
-1.0994 0
-1.0994 0
-1.09962 0
-1.09962 0
-1.10016 0
-1.1012 0
-1.10295 0
-1.10379 0
-1.10403 0
-1.10454 0
-1.10454 0
-1.1078 0
-1.10811 0
-1.10863 0
-1.10923 0
-1.11225 0
-1.11254 0
-1.11516 0
-1.11588 0
-1.11588 0
-1.1162 0
-1.11639 0
-1.11689 0
-1.11915 0
-1.11915 0
-1.1194 0
-1.1194 1
-1.12147 0
-1.12147 0
-1.12184 0
-1.12197 0
-1.12227 0
-1.12227 0
-1.12245 0
-1.12348 0
-1.12753 0
-1.12784 0
-1.12784 0
-1.12784 0
-1.12987 0
-1.13095 0
-1.13121 0
-1.13169 0
-1.13169 0
-1.13306 0
-1.13306 1
-1.13425 0
-1.13425 0
-1.13452 0
-1.13455 0
-1.13611 0
-1.13611 0
-1.13714 0
-1.13882 0
-1.13882 0
-1.1402 0
-1.14044 0
-1.14147 0
-1.14237 0
-1.1425 0
-1.14484 0
-1.14569 0
-1.14569 1
-1.14625 0
-1.14684 0
-1.14697 0
-1.14835 0
-1.14946 0
-1.14953 0
-1.15014 0
-1.15014 0
-1.15114 0
-1.15211 0
-1.15281 0
-1.15393 0
-1.15725 0
-1.15725 0
-1.15815 0
-1.16144 0
-1.16255 0
-1.16307 0
-1.16309 0
-1.16472 0
-1.16724 0
-1.16724 0
-1.1685 0
-1.16889 0
-1.17022 0
-1.17044 0
-1.17094 0
-1.17138 1
-1.17142 0
-1.17207 0
-1.17334 0
-1.17334 0
-1.17334 0
-1.17334 1
-1.1765 0
-1.1765 0
-1.1787 0
-1.1787 0
-1.17871 0
-1.17964 0
-1.18141 0
-1.18182 0
-1.18344 0
-1.18397 0
-1.18397 0
-1.18419 0
-1.18486 0
-1.18486 0
-1.18486 0
-1.18486 0
-1.18694 0
-1.1872 0
-1.18725 0
-1.18916 0
-1.18943 0
-1.1905 0
-1.19068 0
-1.19068 0
-1.19078 0
-1.19193 0
-1.19201 0
-1.193 0
-1.19316 0
-1.19336 0
-1.1941 0
-1.19413 0
-1.1944 0
-1.1961 0
-1.19697 0
-1.19845 0
-1.19973 0
-1.20142 0
-1.20211 0
-1.20244 0
-1.20325 0
-1.20501 0
-1.20513 0
-1.20692 0
-1.20698 0
-1.20698 0
-1.20727 0
-1.20729 0
-1.20801 0
-1.20889 0
-1.2089 0
-1.209 0
-1.21104 0
-1.2115 0
-1.21192 0
-1.21246 0
-1.21323 0
-1.2136 0
-1.21406 0
-1.21409 0
-1.21552 0
-1.2165 0
-1.2165 0
-1.2165 0
-1.2165 1
-1.2173 0
-1.2173 0
-1.21755 0
-1.2178 0
-1.21785 0
-1.21785 0
-1.21836 0
-1.21849 0
-1.22128 0
-1.22267 0
-1.2227 0
-1.22499 0
-1.22549 0
-1.22671 0
-1.22779 0
-1.22817 0
-1.2284 0
-1.22854 0
-1.23055 0
-1.23165 0
-1.23168 0
-1.23168 0
-1.233 0
-1.233 0
-1.23328 0
-1.23417 0
-1.23417 0
-1.23506 0
-1.23588 0
-1.23687 0
-1.23719 0
-1.23719 0
-1.24017 0
-1.2408 0
-1.2408 0
-1.24331 0
-1.24331 0
-1.24331 0
-1.24331 0
-1.24547 0
-1.24604 0
-1.24604 0
-1.24629 0
-1.24794 0
-1.24817 0
-1.24951 1
-1.24985 0
-1.25022 0
-1.25022 0
-1.25022 0
-1.25022 0
-1.25022 0
-1.25076 0
-1.2509 0
-1.25106 0
-1.25457 0
-1.25457 0
-1.2546 0
-1.2546 0
-1.25507 1
-1.25865 1
-1.2595 0
-1.2595 0
-1.25981 0
-1.26049 0
-1.26061 0
-1.26088 0
-1.26091 0
-1.26097 0
-1.26097 0
-1.26097 0
-1.26097 0
-1.26097 0
-1.26116 0
-1.26276 0
-1.26277 0
-1.26345 0
-1.26353 0
-1.26353 0
-1.26353 0
-1.26353 1
-1.26414 0
-1.2659 0
-1.2659 0
-1.2659 0
-1.2659 0
-1.26659 0
-1.26671 0
-1.26723 0
-1.26918 0
-1.26952 0
-1.27039 0
-1.27048 0
-1.27205 0
-1.27205 0
-1.27284 0
-1.2736 0
-1.27377 0
-1.27377 0
-1.27562 0
-1.27564 0
-1.27566 0
-1.27599 0
-1.27599 0
-1.27616 0
-1.27628 0
-1.27823 0
-1.27893 0
-1.28007 0
-1.28182 0
-1.28313 0
-1.28313 0
-1.28313 0
-1.28313 0
-1.28313 0
-1.28442 0
-1.28513 0
-1.28513 0
-1.28563 0
-1.28605 0
-1.28605 0
-1.28662 0
-1.28662 0
-1.28662 0
-1.28662 0
-1.28903 1
-1.28928 0
-1.29037 0
-1.29037 0
-1.29037 0
-1.29037 0
-1.29044 0
-1.29044 0
-1.29057 0
-1.29067 1
-1.29076 0
-1.29076 0
-1.29076 0
-1.29087 0
-1.29087 0
-1.29359 0
-1.29359 0
-1.2961 0
-1.29673 0
-1.29881 0
-1.2992 0
-1.29932 0
-1.30094 0
-1.30148 0
-1.30203 0
-1.30403 0
-1.30622 0
-1.30821 0
-1.30828 0
-1.30831 0
-1.30894 0
-1.309 0
-1.31016 0
-1.31042 0
-1.31063 0
-1.31115 0
-1.31166 0
-1.31359 0
-1.31572 0
-1.31576 0
-1.31607 0
-1.31607 0
-1.31679 0
-1.31679 0
-1.31679 0
-1.31679 0
-1.31686 0
-1.31686 0
-1.31701 0
-1.31729 0
-1.31729 0
-1.31825 0
-1.31879 0
-1.31955 0
-1.31988 1
-1.32002 0
-1.32002 0
-1.32117 0
-1.32128 0
-1.32128 0
-1.32147 0
-1.32376 0
-1.32581 0
-1.32662 0
-1.32736 0
-1.3281 0
-1.3281 0
-1.3291 0
-1.3291 0
-1.3291 0
-1.3291 0
-1.3291 0
-1.3291 0
-1.32915 0
-1.33262 0
-1.33313 0
-1.33367 0
-1.33372 0
-1.33424 0
-1.33424 0
-1.33424 0
-1.33424 0
-1.33424 0
-1.33424 0
-1.33474 0
-1.33596 0
-1.3386 0
-1.33913 0
-1.33937 0
-1.33978 0
-1.33978 0
-1.33978 0
-1.3399 0
-1.34222 0
-1.34225 0
-1.34244 0
-1.34315 0
-1.34315 0
-1.34373 0
-1.34549 0
-1.34582 0
-1.34607 0
-1.34626 0
-1.34751 0
-1.34779 0
-1.34798 0
-1.34853 0
-1.34882 0
-1.34882 0
-1.34946 1
-1.34955 0
-1.34964 0
-1.34974 0
-1.35021 0
-1.35045 0
-1.35045 0
-1.35045 0
-1.35045 0
-1.3506 0
-1.35215 0
-1.35401 0
-1.35417 0
-1.35493 0
-1.35831 0
-1.36063 0
-1.36165 0
-1.36196 0
-1.36224 0
-1.36237 0
-1.36256 0
-1.36269 0
-1.36269 0
-1.36319 0
-1.3635 0
-1.36367 0
-1.36367 0
-1.36367 0
-1.36367 0
-1.36378 0
-1.3638 0
-1.36556 0
-1.36599 0
-1.36725 0
-1.36796 0
-1.36796 0
-1.36828 0
-1.36828 0
-1.36948 0
-1.37036 0
-1.3704 0
-1.37106 0
-1.37136 0
-1.37202 0
-1.37216 0
-1.37216 0
-1.37456 0
-1.37486 0
-1.37486 0
-1.37486 0
-1.37586 0
-1.37641 0
-1.37701 0
-1.37701 0
-1.37701 0
-1.37701 0
-1.37701 0
-1.37831 1
-1.37947 0
-1.37971 0
-1.37971 0
-1.37991 0
-1.38083 0
-1.38083 0
-1.38083 0
-1.38091 0
-1.3813 0
-1.38141 0
-1.38195 0
-1.38195 0
-1.38195 0
-1.38324 0
-1.38324 0
-1.38341 0
-1.38397 0
-1.38477 0
-1.38525 0
-1.38629 0
-1.38641 0
-1.38706 0
-1.38772 0
-1.38836 1
-1.39051 0
-1.39073 1
-1.39283 0
-1.39363 0
-1.3954 0
-1.39588 0
-1.3959 0
-1.39691 0
-1.39705 0
-1.39805 0
-1.39816 0
-1.39884 0
-1.39899 0
-1.39936 0
-1.39936 0
-1.39936 0
-1.40138 0
-1.40285 0
-1.40436 0
-1.40507 0
-1.40578 0
-1.40611 0
-1.40691 0
-1.40857 0
-1.40877 0
-1.40877 0
-1.40898 0
-1.40928 0
-1.40928 0
-1.4093 0
-1.4093 0
-1.41058 0
-1.41076 0
-1.41158 0
-1.41191 0
-1.41605 0
-1.4168 1
-1.41681 1
-1.41704 0
-1.41704 0
-1.41791 0
-1.41791 0
-1.4195 0
-1.41993 0
-1.42169 0
-1.42304 0
-1.42304 0
-1.42304 0
-1.42304 0
-1.42333 0
-1.42337 0
-1.42361 0
-1.42428 0
-1.42428 0
-1.4244 1
-1.42459 0
-1.4248 0
-1.42591 0
-1.42665 0
-1.42784 0
-1.42817 0
-1.42829 0
-1.42866 0
-1.42941 0
-1.43055 0
-1.43071 0
-1.43117 0
-1.43407 0
-1.43515 0
-1.43515 0
-1.43659 0
-1.4371 0
-1.43758 0
-1.43797 0
-1.43837 0
-1.43885 0
-1.43909 0
-1.43967 0
-1.44007 0
-1.44103 0
-1.44103 0
-1.44165 0
-1.44273 0
-1.44277 0
-1.44306 0
-1.44309 0
-1.44352 0
-1.44503 0
-1.44507 0
-1.44541 0
-1.44541 0
-1.44564 0
-1.44598 0
-1.44604 0
-1.44615 0
-1.4465 0
-1.44819 0
-1.44819 0
-1.44819 0
-1.44819 0
-1.44819 0
-1.44828 0
-1.44837 0
-1.44837 0
-1.4484 0
-1.44924 0
-1.44945 0
-1.45025 0
-1.45025 0
-1.45093 0
-1.45093 0
-1.45184 1
-1.45188 0
-1.45236 0
-1.45286 0
-1.45381 0
-1.45427 0
-1.45631 0
-1.45809 0
-1.4592 0
-1.45932 0
-1.45932 0
-1.45932 0
-1.45932 0
-1.45932 0
-1.45932 0
-1.46048 0
-1.46121 0
-1.46178 0
-1.46178 0
-1.46178 0
-1.46178 0
-1.46178 0
-1.46261 0
-1.46274 0
-1.46351 0
-1.46412 0
-1.46424 0
-1.46759 0
-1.46776 0
-1.468 0
-1.46902 0
-1.46908 0
-1.47007 0
-1.47307 0
-1.47307 0
-1.47311 0
-1.47316 0
-1.47317 0
-1.47358 0
-1.47452 0
-1.47499 0
-1.47518 0
-1.47518 0
-1.47522 0
-1.4757 0
-1.47585 0
-1.47591 0
-1.47591 0
-1.47651 0
-1.4776 0
-1.47797 0
-1.47853 0
-1.48156 0
-1.48603 0
-1.4862 0
-1.4862 0
-1.49224 0
-1.4936 0
-1.49463 0
-1.49613 0
-1.49613 0
-1.49651 0
-1.49679 0
-1.4972 0
-1.50108 0
-1.50124 0
-1.50124 0
-1.50178 0
-1.50208 0
-1.50208 0
-1.50208 0
-1.50208 0
-1.50208 0
-1.50273 0
-1.5042 0
-1.50459 0
-1.50751 0
-1.50751 0
-1.50751 0
-1.50751 0
-1.50751 0
-1.50757 0
-1.51248 0
-1.5134 0
-1.51632 0
-1.51771 0
-1.51968 0
-1.52111 0
-1.52127 0
-1.52135 0
-1.52135 0
-1.52135 0
-1.52135 0
-1.52135 0
-1.52193 0
-1.52302 0
-1.52457 0
-1.52457 0
-1.52457 0
-1.52457 0
-1.52457 0
-1.52544 0
-1.5256 0
-1.5256 0
-1.5256 0
-1.5256 0
-1.5256 0
-1.52682 0
-1.52693 0
-1.52693 0
-1.52926 0
-1.53073 0
-1.53252 0
-1.53292 0
-1.53472 0
-1.53638 0
-1.53667 0
-1.53759 0
-1.53759 0
-1.53765 0
-1.53822 0
-1.53822 0
-1.53915 0
-1.53915 0
-1.54002 0
-1.54057 0
-1.54137 0
-1.54149 0
-1.54542 0
-1.54719 0
-1.54852 0
-1.5492 0
-1.5492 0
-1.5502 0
-1.55206 0
-1.55218 0
-1.55408 0
-1.55408 0
-1.55545 0
-1.55545 0
-1.55581 0
-1.55584 0
-1.55594 0
-1.55622 0
-1.55622 0
-1.55622 0
-1.55622 0
-1.55622 0
-1.55732 0
-1.55947 0
-1.55947 0
-1.55962 0
-1.56111 0
-1.56161 0
-1.56244 0
-1.56269 0
-1.56269 0
-1.56269 0
-1.56269 0
-1.56407 0
-1.56554 0
-1.57331 0
-1.58407 0
-1.58417 0
-1.58518 0
-1.58703 0
-1.5902 0
-1.5906 0
-1.5906 0
-1.59598 0
-1.59598 0
-1.59598 0
-1.59598 0
-1.59598 0
-1.59598 0
-1.59598 0
-1.59598 0
-1.59725 0
-1.59897 0
-1.59981 0
-1.60038 0
-1.60077 0
-1.6016 0
-1.6018 0
-1.60294 0
-1.60412 0
-1.60476 0
-1.6076 0
-1.60968 0
-1.61049 0
-1.61235 0
-1.61377 0
-1.61377 0
-1.61378 0
-1.61679 1
-1.61752 0
-1.61993 0
-1.621 0
-1.62168 0
-1.62227 0
-1.62358 0
-1.62613 0
-1.62718 0
-1.63038 0
-1.63067 0
-1.63303 0
-1.63303 0
-1.63303 0
-1.63337 0
-1.63338 0
-1.63927 0
-1.63927 0
-1.63927 0
-1.64312 0
-1.64377 0
-1.64421 0
-1.64421 0
-1.64421 0
-1.64498 0
-1.64499 0
-1.64571 0
-1.64571 0
-1.64571 0
-1.64571 0
-1.64571 0
-1.65058 0
-1.65423 0
-1.6595 0
-1.66242 0
-1.66252 0
-1.6635 0
-1.66556 0
-1.66669 0
-1.66737 0
-1.66779 0
-1.66989 0
-1.66989 0
-1.6732 0
-1.67527 0
-1.67742 0
-1.67747 0
-1.67882 0
-1.67937 0
-1.68147 0
-1.68147 0
-1.68284 0
-1.68336 0
-1.68369 0
-1.68385 0
-1.68542 0
-1.68581 0
-1.68597 0
-1.68597 0
-1.6862 0
-1.68671 0
-1.6871 0
-1.694 0
-1.69516 0
-1.69605 0
-1.69653 0
-1.69679 0
-1.69798 0
-1.69798 0
-1.69798 0
-1.69798 0
-1.69798 0
-1.69798 0
-1.69798 0
-1.69798 0
-1.69856 0
-1.69875 0
-1.69962 0
-1.70145 0
-1.70145 0
-1.70197 0
-1.70197 0
-1.70197 0
-1.70197 0
-1.70197 0
-1.70205 0
-1.70349 0
-1.70463 0
-1.70463 0
-1.70481 0
-1.70481 0
-1.70481 0
-1.70481 0
-1.70481 0
-1.70715 0
-1.70862 0
-1.70863 0
-1.70889 0
-1.7124 0
-1.71275 0
-1.71275 0
-1.71373 0
-1.7141 0
-1.71426 0
-1.71426 0
-1.71426 0
-1.71811 0
-1.71893 0
-1.71893 0
-1.71978 0
-1.72077 0
-1.72138 0
-1.72171 0
-1.72181 1
-1.72341 1
-1.72625 0
-1.72625 0
-1.72637 0
-1.72801 0
-1.73012 0
-1.73294 0
-1.73314 0
-1.73404 0
-1.73404 0
-1.73404 0
-1.73404 0
-1.73482 0
-1.73482 0
-1.73482 0
-1.73482 1
-1.73598 0
-1.73737 0
-1.73737 0
-1.73869 0
-1.73915 0
-1.74093 0
-1.74102 0
-1.74173 0
-1.74173 0
-1.74173 0
-1.74173 0
-1.74173 0
-1.74974 0
-1.74974 0
-1.75016 0
-1.75016 0
-1.75016 0
-1.75016 0
-1.75093 0
-1.75103 0
-1.75103 0
-1.75128 0
-1.75169 0
-1.75276 0
-1.7541 0
-1.75544 0
-1.75635 0
-1.75635 0
-1.7576 0
-1.75772 0
-1.7589 0
-1.75963 0
-1.75963 0
-1.75963 0
-1.75963 0
-1.75963 0
-1.76039 0
-1.76148 0
-1.76333 0
-1.76333 0
-1.76344 0
-1.76577 0
-1.76665 0
-1.76823 0
-1.77029 0
-1.77047 0
-1.77108 0
-1.77337 0
-1.7776 0
-1.77954 0
-1.77954 0
-1.77954 0
-1.77954 0
-1.77999 0
-1.78318 0
-1.78377 0
-1.78456 0
-1.78648 0
-1.78671 0
-1.78825 0
-1.78918 0
-1.78944 0
-1.78989 0
-1.79913 0
-1.79939 0
-1.8004 0
-1.8004 0
-1.80131 0
-1.8059 0
-1.80964 0
-1.80976 0
-1.81008 1
-1.81251 0
-1.81326 0
-1.81353 0
-1.81457 0
-1.8151 0
-1.81869 0
-1.82042 0
-1.82042 0
-1.82123 0
-1.82312 0
-1.82601 0
-1.8264 0
-1.8264 0
-1.82752 0
-1.82752 0
-1.83066 0
-1.83324 0
-1.83489 0
-1.83489 0
-1.83489 0
-1.83489 0
-1.83539 0
-1.83933 0
-1.84269 0
-1.84485 0
-1.84804 0
-1.84819 0
-1.84882 0
-1.84882 0
-1.84931 0
-1.84962 0
-1.84994 0
-1.85212 0
-1.85352 0
-1.85352 0
-1.85352 0
-1.85643 0
-1.85643 0
-1.85834 0
-1.85834 0
-1.85906 0
-1.86007 0
-1.86404 0
-1.86493 0
-1.86493 0
-1.86493 0
-1.86493 0
-1.86493 0
-1.86755 0
-1.86856 0
-1.86982 0
-1.86982 0
-1.87182 0
-1.87249 0
-1.87378 1
-1.87492 0
-1.87615 0
-1.87935 0
-1.88138 0
-1.88225 0
-1.88225 0
-1.88243 0
-1.88377 0
-1.88706 0
-1.88822 0
-1.89038 0
-1.89038 0
-1.89226 0
-1.89416 0
-1.89416 0
-1.90057 0
-1.90057 0
-1.90057 0
-1.90057 0
-1.90057 0
-1.90136 0
-1.90362 0
-1.90362 0
-1.90367 0
-1.90461 0
-1.90461 0
-1.90461 0
-1.9075 0
-1.91493 0
-1.91599 0
-1.92089 0
-1.92276 0
-1.93059 0
-1.93059 0
-1.93059 0
-1.93059 0
-1.93208 0
-1.9338 0
-1.94048 0
-1.94063 0
-1.94063 0
-1.94063 0
-1.9425 0
-1.94614 0
-1.94614 0
-1.94927 0
-1.94927 0
-1.94959 0
-1.95041 0
-1.95041 0
-1.95041 0
-1.95041 0
-1.95041 0
-1.95773 0
-1.95773 0
-1.95773 0
-1.95773 0
-1.95773 0
-1.95896 0
-1.95896 0
-1.95896 0
-1.96042 0
-1.9643 0
-1.96639 0
-1.96751 0
-1.96827 0
-1.96931 0
-1.97038 0
-1.97038 0
-1.97124 0
-1.97297 0
-1.97644 0
-1.97684 0
-1.97684 0
-1.97684 0
-1.97798 0
-1.97798 0
-1.97828 0
-1.97828 0
-1.97828 0
-1.97828 0
-1.97828 0
-1.98055 0
-1.98125 0
-1.98221 0
-1.98251 0
-1.98378 0
-1.98378 0
-1.98378 0
-1.98378 0
-1.98378 0
-1.98386 0
-1.98386 0
-1.98386 0
-1.98386 0
-1.98386 0
-1.98386 0
-1.98404 0
-1.98436 0
-1.98436 0
-1.98436 0
-1.98538 0
-1.98538 0
-1.98538 0
-1.98538 0
-1.98538 0
-1.99132 0
-1.99607 0
-1.99607 0
-1.99607 0
-1.99607 0
-1.99658 0
-1.99658 0
-1.9975 0
-2.00851 0
-2.00964 0
-2.00964 0
-2.00964 0
-2.00964 0
-2.00964 0
-2.01004 0
-2.01068 0
-2.01169 0
-2.01228 0
-2.01379 0
-2.0147 0
-2.02401 0
-2.02401 0
-2.02401 0
-2.02401 0
-2.02401 0
-2.02571 0
-2.02571 0
-2.02571 0
-2.02571 0
-2.02571 0
-2.02571 0
-2.02571 0
-2.02571 0
-2.02941 0
-2.03142 0
-2.03502 0
-2.03542 0
-2.03542 0
-2.03566 0
-2.04112 0
-2.04185 0
-2.04212 0
-2.04212 0
-2.04212 0
-2.04212 0
-2.04262 0
-2.04262 0
-2.04296 0
-2.04296 0
-2.04296 0
-2.04478 0
-2.04607 0
-2.04859 0
-2.04859 0
-2.04863 0
-2.04863 0
-2.04895 0
-2.04895 0
-2.04895 0
-2.04967 0
-2.04967 0
-2.04967 0
-2.04967 0
-2.04967 0
-2.05079 0
-2.05159 0
-2.05159 0
-2.05258 0
-2.05258 0
-2.05594 0
-2.05671 0
-2.05671 0
-2.05671 0
-2.05677 0
-2.05985 0
-2.05985 0
-2.06161 0
-2.06273 0
-2.0669 0
-2.0669 0
-2.0669 0
-2.0669 0
-2.0669 0
-2.0669 0
-2.0669 0
-2.0669 0
-2.06777 0
-2.06777 0
-2.06777 0
-2.06815 0
-2.07288 0
-2.07288 0
-2.07288 0
-2.07288 0
-2.07288 0
-2.07288 0
-2.07288 0
-2.07288 0
-2.07368 0
-2.074 0
-2.074 0
-2.074 0
-2.074 0
-2.074 0
-2.074 0
-2.074 0
-2.074 0
-2.07458 0
-2.07458 0
-2.07458 0
-2.0756 0
-2.0756 0
-2.0756 0
-2.0756 0
-2.0756 0
-2.07803 0
-2.08087 0
-2.08087 0
-2.08087 0
-2.08087 0
-2.08221 0
-2.0827 0
-2.0827 0
-2.0827 0
-2.0827 0
-2.0827 0
-2.0827 0
-2.0827 0
-2.0926 0
-2.09798 0
-2.1016 0
-2.1016 0
-2.10794 0
-2.10801 0
-2.10801 0
-2.11617 0
-2.12055 0
-2.12055 0
-2.12055 0
-2.12055 0
-2.12055 0
-2.12055 0
-2.12055 0
-2.12055 0
-2.12055 0
-2.12055 0
-2.12055 0
-2.12055 0
-2.12239 0
-2.13008 0
-2.1318 0
-2.1318 0
-2.1318 0
-2.1318 0
-2.1318 0
-2.13431 0
-2.13431 0
-2.13431 0
-2.13431 0
-2.13431 0
-2.13431 0
-2.13431 0
-2.13874 0
-2.13982 0
-2.14259 0
-2.14259 0
-2.14259 0
-2.14259 0
-2.14259 0
-2.14259 0
-2.14259 0
-2.14259 0
-2.14259 0
-2.14259 0
-2.14259 0
-2.14259 0
-2.14312 0
-2.14465 0
-2.15148 0
-2.15148 0
-2.15148 0
-2.15148 0
-2.15148 0
-2.15148 0
-2.15148 0
-2.15148 0
-2.15148 0
-2.15148 0
-2.15198 0
-2.15198 0
-2.15198 0
-2.15198 0
-2.15198 0
-2.15721 0
-2.15721 0
-2.15721 0
-2.15721 0
-2.16056 0
-2.16056 0
-2.16162 0
-2.16503 0
-2.16673 0
-2.16673 0
-2.16673 0
-2.16673 0
-2.16673 0
-2.16673 0
-2.16674 0
-2.16674 0
-2.16674 0
-2.16674 0
-2.16674 0
-2.16674 0
-2.16674 0
-2.16674 0
-2.16674 0
-2.16674 0
-2.16674 0
-2.16674 0
-2.16674 0
-2.16674 0
-2.16674 0
-2.16674 0
-2.16674 0
-2.16674 0
-2.16674 0
-2.16674 0
-2.16674 0
-2.16674 0
-2.16674 0
-2.16674 0
-2.16724 0
-2.16724 0
-2.16724 0
-2.16724 0
-2.16724 0
-2.16724 0
-2.16724 0
-2.16724 0
-2.16724 0
-2.16724 0
-2.16724 0
-2.16724 0
-2.16975 0
-2.16975 0
-2.17025 0
-2.17077 0
-2.17194 0
-2.17485 0
-2.17742 0
-2.17742 0
-2.17742 0
-2.17742 0
-2.17742 0
-2.17742 0
-2.17742 0
-2.17742 0
-2.17742 0
-2.17742 0
-2.17742 0
-2.17742 0
-2.17742 0
-2.17742 0
-2.17742 0
-2.17742 0
-2.18165 0
-2.18448 0
-2.18545 0
-2.18931 0
-2.18931 0
-2.18931 0
-2.18931 0
-2.18931 0
-2.19386 0
-2.19386 0
-2.19386 0
-2.19386 0
-2.19386 0
-2.19641 0
-2.19641 0
-2.19641 0
-2.19641 0
-2.19641 0
-2.19641 0
-2.19641 0
-2.19641 0
-2.19641 0
-2.19641 0
-2.19641 0
-2.19641 0
-2.19645 0
-2.19815 0
-2.19876 0
-2.19876 0
-2.19876 0
-2.19876 0
-2.19876 0
-2.19876 0
-2.19876 0
-2.19876 0
-2.19876 0
-2.19876 0
-2.19876 0
-2.19876 0
-2.20061 0
-2.20252 0
-2.20252 0
-2.20568 0
-2.20568 0
-2.21077 0
-2.21337 0
-2.2141 0
-2.21791 0
-2.21791 0
-2.22037 0
-2.22037 0
-2.22037 0
-2.22037 0
-2.22037 0
-2.22037 0
-2.2269 0
-2.22878 0
-2.24381 0
-2.24765 0
-2.24765 0
-2.25175 0
-2.25175 0
-2.25606 0
-2.25606 0
-2.25606 0
-2.25606 0
-2.25606 0
-2.25606 0
-2.26148 0
-2.26205 0
-2.26205 0
-2.26205 0
-2.26205 0
-2.28211 0
-2.28211 0
-2.28253 0
-2.28253 0
-2.28253 0
-2.28253 0
-2.29372 0
-2.29372 0
-2.29372 0
-2.29372 0
-2.30352 0
-2.30818 0
-2.30818 0
-2.30818 0
-2.30818 0
-2.30818 0
-2.30818 0
-2.30818 0
-2.30818 0
-2.31352 0
-2.34256 0
-2.35746 0
-2.36358 0
-2.36358 0
-2.36447 0
-2.36447 0
-2.36716 0
-2.38128 0
-2.38128 0
-2.38128 0
-2.38128 0
-2.3842 0
-2.39069 0
-2.39069 0
-2.39514 0
-2.40405 0
-2.40841 0
-2.40841 0
-2.4192 0
-2.41978 0
-2.41978 0
-2.42086 0
-2.4238 0
-2.4238 0
-2.42561 0
-2.42561 0
-2.42561 0
-2.42561 0
-2.43166 0
-2.43402 0
-2.43402 0
-2.44199 0
-2.46416 0
-2.47509 0
-2.48294 0
-2.48294 0
-2.48294 0
-2.48294 0
-2.48455 0
-2.48455 0
-2.48455 0
-2.48455 0
-2.48455 0
-2.48455 0
-2.48455 0
-2.48455 0
-2.48801 0
-2.48801 0
-2.49962 0
-2.49962 0
-2.49962 0
-2.49962 0
-2.51 0
-2.51425 0
-2.51425 0
-2.51436 0
-2.51436 0
-2.51752 0
-2.52286 0
-2.52499 0
-2.52521 0
-2.52681 0
-2.52975 0
-2.52975 0
-2.53965 0
-2.54382 0
-2.54382 0
-2.5537 0
-2.5537 0
-2.5537 0
-2.5537 0
-2.5537 0
-2.5537 0
-2.55474 0
-2.55627 0
-2.55708 0
-2.55708 0
-2.57153 0
-2.57447 0
-2.57557 0
-2.57557 0
-2.57594 0
-2.57594 0
-2.58548 0
-2.58654 0
-2.58679 0
-2.58756 0
-2.58756 0
-2.58802 0
-2.58839 0
-2.59133 0
-2.59133 0
-2.59395 0
-2.59395 0
-2.60556 0
-2.60556 0
-2.60556 0
-2.60556 0
-2.61483 0
-2.62057 0
-2.62057 0
-2.62487 0
-2.62585 0
-2.62585 0
-2.62585 0
-2.62585 0
-2.62764 0
-2.62891 0
-2.62891 0
-2.63235 0
-2.63778 0
-2.63955 0
-2.63955 0
-2.63955 0
-2.63955 0
-2.63955 0
-2.63955 0
-2.63955 0
-2.63987 0
-2.6409 0
-2.6409 0
-2.64136 0
-2.64136 0
-2.64182 0
-2.64182 0
-2.65063 0
-2.65063 0
-2.65213 0
-2.65213 0
-2.65213 0
-2.65279 0
-2.65381 0
-2.65381 0
-2.65415 0
-2.65427 0
-2.65553 0
-2.65553 0
-2.66715 0
-2.66715 0
-2.66715 0
-2.66715 0
-2.66828 0
-2.66939 0
-2.66939 0
-2.67233 0
-2.67233 0
-2.67487 0
-2.67487 0
-2.67487 0
-2.67487 0
-2.67487 0
-2.67487 0
-2.67581 0
-2.68329 0
-2.68432 0
-2.68432 0
-2.68478 0
-2.68802 0
-2.69206 0
-2.69206 0
-2.69988 0
-2.70302 0
-2.70397 0
-2.70397 0
-2.70405 0
-2.70405 0
-2.70451 0
-2.70547 0
-2.70547 0
-2.70547 0
-2.70676 0
-2.71093 0
-2.71093 0
-2.71587 0
-2.71642 0
-2.71688 0
-2.71688 0
-2.71838 0
-2.71838 0
-2.72004 0
-2.72004 0
-2.72185 0
-2.72337 0
-2.72418 0
-2.73096 0
-2.73249 0
-2.7333 0
-2.73925 0
-2.74341 0
-2.74341 0
-2.74399 0
-2.7452 0
-2.7452 0
-2.7452 0
-2.7452 0
-2.7452 0
-2.7452 0
-2.7452 0
-2.7452 0
-2.7452 0
-2.7452 0
-2.74607 0
-2.74607 0
-2.74607 0
-2.74607 0
-2.74607 0
-2.74739 0
-2.74739 0
-2.74889 0
-2.74889 0
-2.74889 0
-2.74889 0
-2.75015 0
-2.75015 0
-2.75434 0
-2.75586 0
-2.75667 0
-2.75667 0
-2.7655 0
-2.76712 0
-2.76712 0
-2.76776 0
-2.76862 0
-2.76862 0
-2.76862 0
-2.76862 0
-2.77192 0
-2.77192 0
-2.77347 0
-2.78432 0
-2.78592 0
-2.78768 0
-2.78768 0
-2.78886 0
-2.78886 0
-2.79296 0
-2.79296 0
-2.79296 0
-2.79296 0
-2.79549 0
-2.79549 0
-2.79549 0
-2.79679 0
-2.79679 0
-2.80207 0
-2.80207 0
-2.80207 0
-2.80207 0
-2.80464 0
-2.82017 0
-2.82017 0
-2.82544 0
-2.82544 0
-2.82544 0
-2.82544 0
-2.82848 0
-2.84218 0
-2.84218 0
-2.85306 0
-2.85306 0
-2.85704 0
-2.8614 0
-2.86272 0
-2.86272 0
-2.86467 0
-2.86467 0
-2.86467 0
-2.86467 0
-2.8672 0
-2.8672 0
-2.8672 0
-2.8672 0
-2.87226 0
-2.87385 0
-2.87679 0
-2.87679 0
-2.87914 0
-2.87914 0
-2.87914 0
-2.87914 0
-2.941 0
-2.941 0
-2.95261 0
-2.95261 0
-2.95261 0
-2.96694 0
-3.02882 0
-3.06258 0
-3.06695 0
-3.06695 0
-3.07139 0
-3.07139 0
-3.07139 0
-3.07139 0
-3.07139 0
-3.07139 0
-3.0778 0
-3.07939 0
-3.08234 0
-3.08234 0
-3.11463 0
-3.11899 0
-3.11899 0
-3.12984 0
-3.13144 0
-3.13438 0
-3.13438 0
-3.14654 0
-3.14654 0
-3.15815 0
-3.15815 0
-3.15815 0
-3.15815 0
-3.2102 0
-3.2102 0
-3.2102 0
-3.2102 0
-3.24252 0
-3.24252 0
-3.24252 0
-3.24252 0
-3.24252 0
-3.24252 0
-3.30299 0
-3.30299 0
-3.30299 0
-3.30299 0
-3.30299 0
-3.30299 0
-3.30299 0
-3.30299 0
-3.30299 0
-3.30299 0
-3.30299 0
-3.30299 0
-3.31757 0
-3.31757 0
-3.31757 0
-3.31757 0
-3.31757 0
-3.31757 0
-3.49458 0
-3.49458 0
-3.49458 0
-3.49458 0
--- Writing PR file results/4a63ff141e9b8934ed6ac069b72512ca1038b707/output.yyy.pr ---
--- Writing standardized PR file results/4a63ff141e9b8934ed6ac069b72512ca1038b707/output.yyy.spr ---
--- Writing ROC file results/4a63ff141e9b8934ed6ac069b72512ca1038b707/output.yyy.roc ---
Area Under the Curve for Precision - Recall is 0.2971561735826127
Area Under the Curve for ROC is 0.8235850011261886
